<?xml version="1.0" ?>
<!DOCTYPE coverage SYSTEM "http://cobertura.sourceforge.net/xml/coverage-04.dtd">
<coverage lines-valid="456" lines-covered="371" line-rate="0.8134999999999999" branches-valid="362" branches-covered="320" branch-rate="0.8839" timestamp="1779484314708" complexity="0" version="0.1">
  <sources>
    <source>C:/Users/JHON CASTRO/Documents/Asignaturas Uptc/Trabajo de Campo/PetFinder/frontend-petFinder</source>
  </sources>
  <packages>
    <package name="hooks" line-rate="0.5035000000000001" branch-rate="0.38630000000000003">
      <classes>
        <class name="useApi.js" filename="src\hooks\useApi.js" line-rate="0" branch-rate="0">
          <methods>
            <method name="(anonymous_0)" hits="0" signature="()V">
              <lines>
                <line number="20" hits="0"/>
              </lines>
            </method>
            <method name="(anonymous_1)" hits="0" signature="()V">
              <lines>
                <line number="28" hits="0"/>
              </lines>
            </method>
            <method name="(anonymous_2)" hits="0" signature="()V">
              <lines>
                <line number="48" hits="0"/>
              </lines>
            </method>
            <method name="(anonymous_3)" hits="0" signature="()V">
              <lines>
                <line number="57" hits="0"/>
              </lines>
            </method>
          </methods>
          <lines>
            <line number="20" hits="0" branch="true" condition-coverage="0% (0/1)"/>
            <line number="21" hits="0" branch="false"/>
            <line number="22" hits="0" branch="false"/>
            <line number="23" hits="0" branch="false"/>
            <line number="28" hits="0" branch="false"/>
            <line number="29" hits="0" branch="false"/>
            <line number="30" hits="0" branch="false"/>
            <line number="31" hits="0" branch="false"/>
            <line number="33" hits="0" branch="false"/>
            <line number="34" hits="0" branch="false"/>
            <line number="36" hits="0" branch="false"/>
            <line number="38" hits="0" branch="false"/>
            <line number="39" hits="0" branch="false"/>
            <line number="41" hits="0" branch="false"/>
            <line number="48" hits="0" branch="false"/>
            <line number="49" hits="0" branch="false"/>
            <line number="50" hits="0" branch="false"/>
            <line number="51" hits="0" branch="false"/>
            <line number="57" hits="0" branch="false"/>
            <line number="58" hits="0" branch="true" condition-coverage="0% (0/2)"/>
            <line number="59" hits="0" branch="false"/>
            <line number="63" hits="0" branch="false"/>
          </lines>
        </class>
        <class name="useDebounce.js" filename="src\hooks\useDebounce.js" line-rate="1" branch-rate="1">
          <methods>
            <method name="(anonymous_0)" hits="13" signature="()V">
              <lines>
                <line number="14" hits="13"/>
              </lines>
            </method>
            <method name="(anonymous_1)" hits="10" signature="()V">
              <lines>
                <line number="17" hits="10"/>
              </lines>
            </method>
            <method name="(anonymous_2)" hits="3" signature="()V">
              <lines>
                <line number="18" hits="3"/>
              </lines>
            </method>
            <method name="(anonymous_3)" hits="10" signature="()V">
              <lines>
                <line number="22" hits="10"/>
              </lines>
            </method>
          </methods>
          <lines>
            <line number="14" hits="1" branch="true" condition-coverage="100% (1/1)"/>
            <line number="15" hits="13" branch="false"/>
            <line number="17" hits="13" branch="false"/>
            <line number="18" hits="10" branch="false"/>
            <line number="19" hits="3" branch="false"/>
            <line number="22" hits="10" branch="false"/>
            <line number="23" hits="10" branch="false"/>
            <line number="27" hits="13" branch="false"/>
          </lines>
        </class>
        <class name="useForm.js" filename="src\hooks\useForm.js" line-rate="0.9791" branch-rate="0.9375">
          <methods>
            <method name="(anonymous_0)" hits="31" signature="()V">
              <lines>
                <line number="22" hits="31"/>
              </lines>
            </method>
            <method name="(anonymous_1)" hits="4" signature="()V">
              <lines>
                <line number="31" hits="4"/>
              </lines>
            </method>
            <method name="(anonymous_2)" hits="4" signature="()V">
              <lines>
                <line number="35" hits="4"/>
              </lines>
            </method>
            <method name="(anonymous_3)" hits="1" signature="()V">
              <lines>
                <line number="42" hits="1"/>
              </lines>
            </method>
            <method name="(anonymous_4)" hits="3" signature="()V">
              <lines>
                <line number="52" hits="3"/>
              </lines>
            </method>
            <method name="(anonymous_5)" hits="3" signature="()V">
              <lines>
                <line number="55" hits="3"/>
              </lines>
            </method>
            <method name="(anonymous_6)" hits="1" signature="()V">
              <lines>
                <line number="64" hits="1"/>
              </lines>
            </method>
            <method name="(anonymous_7)" hits="5" signature="()V">
              <lines>
                <line number="75" hits="5"/>
              </lines>
            </method>
            <method name="(anonymous_8)" hits="10" signature="()V">
              <lines>
                <line number="78" hits="10"/>
              </lines>
            </method>
            <method name="(anonymous_9)" hits="5" signature="()V">
              <lines>
                <line number="92" hits="5"/>
              </lines>
            </method>
            <method name="(anonymous_10)" hits="10" signature="()V">
              <lines>
                <line number="98" hits="10"/>
              </lines>
            </method>
            <method name="(anonymous_11)" hits="1" signature="()V">
              <lines>
                <line number="122" hits="1"/>
              </lines>
            </method>
            <method name="(anonymous_12)" hits="1" signature="()V">
              <lines>
                <line number="132" hits="1"/>
              </lines>
            </method>
            <method name="(anonymous_13)" hits="1" signature="()V">
              <lines>
                <line number="133" hits="1"/>
              </lines>
            </method>
            <method name="(anonymous_14)" hits="3" signature="()V">
              <lines>
                <line number="142" hits="3"/>
              </lines>
            </method>
            <method name="(anonymous_15)" hits="3" signature="()V">
              <lines>
                <line number="143" hits="3"/>
              </lines>
            </method>
          </methods>
          <lines>
            <line number="22" hits="1" branch="true" condition-coverage="100% (2/2)"/>
            <line number="23" hits="31" branch="false"/>
            <line number="24" hits="31" branch="false"/>
            <line number="25" hits="31" branch="false"/>
            <line number="26" hits="31" branch="false"/>
            <line number="31" hits="31" branch="false"/>
            <line number="32" hits="4" branch="false"/>
            <line number="33" hits="4" branch="true" condition-coverage="100% (2/2)"/>
            <line number="35" hits="4" branch="false"/>
            <line number="41" hits="4" branch="true" condition-coverage="100% (2/2)"/>
            <line number="42" hits="1" branch="false"/>
            <line number="52" hits="31" branch="false"/>
            <line number="53" hits="3" branch="false"/>
            <line number="55" hits="3" branch="false"/>
            <line number="61" hits="3" branch="true" condition-coverage="100% (2/2)"/>
            <line number="62" hits="1" branch="false"/>
            <line number="63" hits="1" branch="true" condition-coverage="50% (1/2)"/>
            <line number="64" hits="1" branch="false"/>
            <line number="75" hits="31" branch="false"/>
            <line number="76" hits="5" branch="false"/>
            <line number="78" hits="5" branch="false"/>
            <line number="79" hits="10" branch="false"/>
            <line number="80" hits="10" branch="true" condition-coverage="100% (2/2)"/>
            <line number="81" hits="4" branch="false"/>
            <line number="85" hits="5" branch="false"/>
            <line number="86" hits="5" branch="false"/>
            <line number="92" hits="31" branch="false"/>
            <line number="93" hits="5" branch="true" condition-coverage="100% (2/2)"/>
            <line number="94" hits="4" branch="false"/>
            <line number="98" hits="10" branch="false"/>
            <line number="102" hits="5" branch="false"/>
            <line number="105" hits="5" branch="false"/>
            <line number="107" hits="5" branch="true" condition-coverage="100% (2/2)"/>
            <line number="108" hits="3" branch="false"/>
            <line number="109" hits="3" branch="false"/>
            <line number="110" hits="3" branch="false"/>
            <line number="112" hits="0" branch="false"/>
            <line number="114" hits="3" branch="false"/>
            <line number="122" hits="31" branch="false"/>
            <line number="123" hits="1" branch="false"/>
            <line number="124" hits="1" branch="false"/>
            <line number="125" hits="1" branch="false"/>
            <line number="126" hits="1" branch="false"/>
            <line number="132" hits="31" branch="false"/>
            <line number="133" hits="1" branch="false"/>
            <line number="142" hits="31" branch="false"/>
            <line number="143" hits="3" branch="false"/>
            <line number="149" hits="31" branch="false"/>
          </lines>
        </class>
        <class name="useLocalStorage.js" filename="src\hooks\useLocalStorage.js" line-rate="1" branch-rate="1">
          <methods>
            <method name="(anonymous_0)" hits="9" signature="()V">
              <lines>
                <line number="15" hits="9"/>
              </lines>
            </method>
            <method name="(anonymous_1)" hits="6" signature="()V">
              <lines>
                <line number="17" hits="6"/>
              </lines>
            </method>
            <method name="(anonymous_2)" hits="9" signature="()V">
              <lines>
                <line number="22" hits="9"/>
              </lines>
            </method>
          </methods>
          <lines>
            <line number="15" hits="1" branch="false"/>
            <line number="17" hits="9" branch="false"/>
            <line number="18" hits="6" branch="false"/>
            <line number="22" hits="9" branch="false"/>
            <line number="23" hits="9" branch="false"/>
            <line number="26" hits="9" branch="false"/>
          </lines>
        </class>
        <class name="useSignedUrl.js" filename="src\hooks\useSignedUrl.js" line-rate="0" branch-rate="0">
          <methods>
            <method name="(anonymous_0)" hits="0" signature="()V">
              <lines>
                <line number="13" hits="0"/>
              </lines>
            </method>
            <method name="(anonymous_1)" hits="0" signature="()V">
              <lines>
                <line number="18" hits="0"/>
              </lines>
            </method>
            <method name="(anonymous_2)" hits="0" signature="()V">
              <lines>
                <line number="35" hits="0"/>
              </lines>
            </method>
            <method name="(anonymous_3)" hits="0" signature="()V">
              <lines>
                <line number="60" hits="0"/>
              </lines>
            </method>
            <method name="shouldRequestSignedUrl" hits="0" signature="()V">
              <lines>
                <line number="67" hits="0"/>
              </lines>
            </method>
            <method name="(anonymous_5)" hits="0" signature="()V">
              <lines>
                <line number="76" hits="0"/>
              </lines>
            </method>
            <method name="normalizeSignedUrlInput" hits="0" signature="()V">
              <lines>
                <line number="83" hits="0"/>
              </lines>
            </method>
          </methods>
          <lines>
            <line number="4" hits="0" branch="false"/>
            <line number="5" hits="0" branch="false"/>
            <line number="6" hits="0" branch="false"/>
            <line number="13" hits="0" branch="false"/>
            <line number="14" hits="0" branch="false"/>
            <line number="15" hits="0" branch="false"/>
            <line number="16" hits="0" branch="false"/>
            <line number="18" hits="0" branch="false"/>
            <line number="19" hits="0" branch="true" condition-coverage="0% (0/2)"/>
            <line number="21" hits="0" branch="true" condition-coverage="0% (0/2)"/>
            <line number="22" hits="0" branch="false"/>
            <line number="23" hits="0" branch="false"/>
            <line number="26" hits="0" branch="false"/>
            <line number="27" hits="0" branch="true" condition-coverage="0% (0/2)"/>
            <line number="28" hits="0" branch="false"/>
            <line number="29" hits="0" branch="false"/>
            <line number="32" hits="0" branch="false"/>
            <line number="35" hits="0" branch="false"/>
            <line number="36" hits="0" branch="false"/>
            <line number="37" hits="0" branch="false"/>
            <line number="38" hits="0" branch="false"/>
            <line number="39" hits="0" branch="false"/>
            <line number="40" hits="0" branch="false"/>
            <line number="42" hits="0" branch="false"/>
            <line number="43" hits="0" branch="false"/>
            <line number="45" hits="0" branch="false"/>
            <line number="47" hits="0" branch="false"/>
            <line number="51" hits="0" branch="false"/>
            <line number="54" hits="0" branch="false"/>
            <line number="60" hits="0" branch="false"/>
            <line number="61" hits="0" branch="false"/>
            <line number="62" hits="0" branch="false"/>
            <line number="68" hits="0" branch="true" condition-coverage="0% (0/2)"/>
            <line number="69" hits="0" branch="false"/>
            <line number="72" hits="0" branch="true" condition-coverage="0% (0/2)"/>
            <line number="73" hits="0" branch="false"/>
            <line number="76" hits="0" branch="true" condition-coverage="0% (0/2)"/>
            <line number="77" hits="0" branch="false"/>
            <line number="80" hits="0" branch="true" condition-coverage="0% (0/3)"/>
            <line number="84" hits="0" branch="true" condition-coverage="0% (0/2)"/>
            <line number="85" hits="0" branch="false"/>
            <line number="88" hits="0" branch="true" condition-coverage="0% (0/4)"/>
            <line number="89" hits="0" branch="false"/>
            <line number="92" hits="0" branch="true" condition-coverage="0% (0/2)"/>
            <line number="93" hits="0" branch="false"/>
            <line number="96" hits="0" branch="false"/>
          </lines>
        </class>
        <class name="useToggle.js" filename="src\hooks\useToggle.js" line-rate="1" branch-rate="1">
          <methods>
            <method name="(anonymous_0)" hits="14" signature="()V">
              <lines>
                <line number="13" hits="14"/>
              </lines>
            </method>
            <method name="(anonymous_1)" hits="5" signature="()V">
              <lines>
                <line number="16" hits="5"/>
              </lines>
            </method>
            <method name="(anonymous_2)" hits="5" signature="()V">
              <lines>
                <line number="17" hits="5"/>
              </lines>
            </method>
            <method name="(anonymous_3)" hits="1" signature="()V">
              <lines>
                <line number="20" hits="1"/>
              </lines>
            </method>
            <method name="(anonymous_4)" hits="1" signature="()V">
              <lines>
                <line number="24" hits="1"/>
              </lines>
            </method>
          </methods>
          <lines>
            <line number="13" hits="1" branch="true" condition-coverage="100% (1/1)"/>
            <line number="14" hits="14" branch="false"/>
            <line number="16" hits="14" branch="false"/>
            <line number="17" hits="5" branch="false"/>
            <line number="20" hits="14" branch="false"/>
            <line number="21" hits="1" branch="false"/>
            <line number="24" hits="14" branch="false"/>
            <line number="25" hits="1" branch="false"/>
            <line number="28" hits="14" branch="false"/>
          </lines>
        </class>
      </classes>
    </package>
    <package name="lib" line-rate="1" branch-rate="1">
      <classes>
        <class name="utils.js" filename="src\lib\utils.js" line-rate="1" branch-rate="1">
          <methods>
            <method name="cn" hits="6" signature="()V">
              <lines>
                <line number="4" hits="6"/>
              </lines>
            </method>
          </methods>
          <lines>
            <line number="5" hits="6" branch="false"/>
          </lines>
        </class>
      </classes>
    </package>
    <package name="utils" line-rate="0.9493" branch-rate="0.9528">
      <classes>
        <class name="alerts.js" filename="src\utils\alerts.js" line-rate="1" branch-rate="1">
          <methods>
            <method name="(anonymous_0)" hits="5" signature="()V">
              <lines>
                <line number="1" hits="5"/>
              </lines>
            </method>
          </methods>
          <lines>
            <line number="1" hits="1" branch="true" condition-coverage="100% (2/2)"/>
            <line number="2" hits="5" branch="true" condition-coverage="100% (4/4)"/>
            <line number="3" hits="2" branch="false"/>
            <line number="6" hits="3" branch="false"/>
          </lines>
        </class>
        <class name="helpers.js" filename="src\utils\helpers.js" line-rate="0.9277" branch-rate="0.8939">
          <methods>
            <method name="(anonymous_0)" hits="4" signature="()V">
              <lines>
                <line number="14" hits="4"/>
              </lines>
            </method>
            <method name="(anonymous_1)" hits="10" signature="()V">
              <lines>
                <line number="31" hits="10"/>
              </lines>
            </method>
            <method name="(anonymous_2)" hits="6" signature="()V">
              <lines>
                <line number="66" hits="6"/>
              </lines>
            </method>
            <method name="(anonymous_3)" hits="4" signature="()V">
              <lines>
                <line number="76" hits="4"/>
              </lines>
            </method>
            <method name="(anonymous_4)" hits="0" signature="()V">
              <lines>
                <line number="87" hits="0"/>
              </lines>
            </method>
            <method name="executedFunction" hits="0" signature="()V">
              <lines>
                <line number="90" hits="0"/>
              </lines>
            </method>
            <method name="(anonymous_6)" hits="0" signature="()V">
              <lines>
                <line number="91" hits="0"/>
              </lines>
            </method>
            <method name="(anonymous_7)" hits="4" signature="()V">
              <lines>
                <line number="106" hits="4"/>
              </lines>
            </method>
            <method name="(anonymous_8)" hits="4" signature="()V">
              <lines>
                <line number="115" hits="4"/>
              </lines>
            </method>
            <method name="(anonymous_9)" hits="7" signature="()V">
              <lines>
                <line number="124" hits="7"/>
              </lines>
            </method>
            <method name="(anonymous_10)" hits="5" signature="()V">
              <lines>
                <line number="133" hits="5"/>
              </lines>
            </method>
            <method name="(anonymous_11)" hits="4" signature="()V">
              <lines>
                <line number="151" hits="4"/>
              </lines>
            </method>
            <method name="(anonymous_12)" hits="16" signature="()V">
              <lines>
                <line number="172" hits="16"/>
              </lines>
            </method>
            <method name="(anonymous_13)" hits="4" signature="()V">
              <lines>
                <line number="181" hits="4"/>
              </lines>
            </method>
            <method name="(anonymous_14)" hits="4" signature="()V">
              <lines>
                <line number="195" hits="4"/>
              </lines>
            </method>
            <method name="(anonymous_15)" hits="5" signature="()V">
              <lines>
                <line number="213" hits="5"/>
              </lines>
            </method>
            <method name="(anonymous_16)" hits="7" signature="()V">
              <lines>
                <line number="218" hits="7"/>
              </lines>
            </method>
          </methods>
          <lines>
            <line number="14" hits="1" branch="true" condition-coverage="100% (1/1)"/>
            <line number="15" hits="4" branch="true" condition-coverage="100% (2/2)"/>
            <line number="17" hits="2" branch="true" condition-coverage="50% (1/2)"/>
            <line number="19" hits="4" branch="false"/>
            <line number="31" hits="1" branch="false"/>
            <line number="32" hits="10" branch="true" condition-coverage="100% (2/2)"/>
            <line number="34" hits="9" branch="true" condition-coverage="50% (1/2)"/>
            <line number="35" hits="10" branch="false"/>
            <line number="36" hits="10" branch="false"/>
            <line number="37" hits="10" branch="false"/>
            <line number="38" hits="10" branch="false"/>
            <line number="39" hits="10" branch="false"/>
            <line number="40" hits="10" branch="false"/>
            <line number="42" hits="10" branch="true" condition-coverage="100% (2/2)"/>
            <line number="43" hits="8" branch="true" condition-coverage="100% (4/4)"/>
            <line number="44" hits="6" branch="true" condition-coverage="75% (3/4)"/>
            <line number="45" hits="5" branch="true" condition-coverage="100% (2/2)"/>
            <line number="46" hits="4" branch="true" condition-coverage="100% (2/2)"/>
            <line number="47" hits="3" branch="true" condition-coverage="100% (2/2)"/>
            <line number="48" hits="1" branch="false"/>
            <line number="49" hits="1" branch="true" condition-coverage="50% (1/2)"/>
            <line number="51" hits="2" branch="true" condition-coverage="100% (2/2)"/>
            <line number="52" hits="1" branch="false"/>
            <line number="53" hits="1" branch="true" condition-coverage="50% (1/2)"/>
            <line number="55" hits="1" branch="false"/>
            <line number="56" hits="1" branch="true" condition-coverage="50% (1/2)"/>
            <line number="66" hits="1" branch="true" condition-coverage="100% (1/1)"/>
            <line number="67" hits="6" branch="true" condition-coverage="100% (4/4)"/>
            <line number="68" hits="2" branch="false"/>
            <line number="76" hits="1" branch="false"/>
            <line number="77" hits="4" branch="true" condition-coverage="100% (2/2)"/>
            <line number="78" hits="2" branch="false"/>
            <line number="87" hits="1" branch="false"/>
            <line number="90" hits="0" branch="false"/>
            <line number="91" hits="0" branch="false"/>
            <line number="92" hits="0" branch="false"/>
            <line number="93" hits="0" branch="false"/>
            <line number="96" hits="0" branch="false"/>
            <line number="97" hits="0" branch="false"/>
            <line number="106" hits="1" branch="false"/>
            <line number="107" hits="4" branch="true" condition-coverage="100% (4/4)"/>
            <line number="108" hits="2" branch="false"/>
            <line number="115" hits="1" branch="false"/>
            <line number="116" hits="4" branch="false"/>
            <line number="124" hits="1" branch="false"/>
            <line number="125" hits="7" branch="true" condition-coverage="100% (3/3)"/>
            <line number="133" hits="1" branch="false"/>
            <line number="134" hits="5" branch="true" condition-coverage="100% (2/2)"/>
            <line number="136" hits="4" branch="false"/>
            <line number="137" hits="4" branch="false"/>
            <line number="138" hits="4" branch="false"/>
            <line number="140" hits="4" branch="false"/>
            <line number="151" hits="1" branch="false"/>
            <line number="152" hits="4" branch="false"/>
            <line number="153" hits="4" branch="false"/>
            <line number="154" hits="4" branch="false"/>
            <line number="157" hits="4" branch="false"/>
            <line number="161" hits="4" branch="false"/>
            <line number="162" hits="4" branch="false"/>
            <line number="164" hits="4" branch="false"/>
            <line number="172" hits="1" branch="false"/>
            <line number="173" hits="16" branch="false"/>
            <line number="181" hits="1" branch="false"/>
            <line number="182" hits="4" branch="true" condition-coverage="100% (2/2)"/>
            <line number="184" hits="2" branch="false"/>
            <line number="185" hits="2" branch="true" condition-coverage="100% (2/2)"/>
            <line number="187" hits="1" branch="false"/>
            <line number="195" hits="1" branch="false"/>
            <line number="196" hits="4" branch="true" condition-coverage="100% (2/2)"/>
            <line number="198" hits="2" branch="false"/>
            <line number="199" hits="2" branch="false"/>
            <line number="201" hits="2" branch="false"/>
            <line number="202" hits="3" branch="false"/>
            <line number="205" hits="2" branch="false"/>
            <line number="213" hits="1" branch="false"/>
            <line number="214" hits="5" branch="true" condition-coverage="100% (4/4)"/>
            <line number="216" hits="3" branch="false"/>
            <line number="218" hits="3" branch="false"/>
            <line number="219" hits="7" branch="true" condition-coverage="100% (5/5)"/>
            <line number="220" hits="4" branch="false"/>
            <line number="224" hits="3" branch="false"/>
            <line number="225" hits="3" branch="true" condition-coverage="50% (1/2)"/>
            <line number="233" hits="1" branch="false"/>
          </lines>
        </class>
        <class name="postAdapter.js" filename="src\utils\postAdapter.js" line-rate="1" branch-rate="0.9154000000000001">
          <methods>
            <method name="adaptPost" hits="19" signature="()V">
              <lines>
                <line number="30" hits="19"/>
              </lines>
            </method>
            <method name="adaptPosts" hits="5" signature="()V">
              <lines>
                <line number="135" hits="5"/>
              </lines>
            </method>
            <method name="adaptPostsResponse" hits="2" signature="()V">
              <lines>
                <line number="145" hits="2"/>
              </lines>
            </method>
          </methods>
          <lines>
            <line number="17" hits="1" branch="false"/>
            <line number="31" hits="19" branch="true" condition-coverage="100% (2/2)"/>
            <line number="35" hits="18" branch="true" condition-coverage="100% (2/2)"/>
            <line number="36" hits="2" branch="false"/>
            <line number="37" hits="2" branch="false"/>
            <line number="38" hits="16" branch="true" condition-coverage="100% (2/2)"/>
            <line number="39" hits="1" branch="false"/>
            <line number="40" hits="1" branch="false"/>
            <line number="45" hits="18" branch="true" condition-coverage="100% (2/2)"/>
            <line number="51" hits="19" branch="true" condition-coverage="100% (4/4)"/>
            <line number="57" hits="19" branch="true" condition-coverage="100% (2/2)"/>
            <line number="58" hits="19" branch="false"/>
            <line number="61" hits="19" branch="false"/>
            <line number="62" hits="19" branch="true" condition-coverage="100% (2/2)"/>
            <line number="63" hits="1" branch="false"/>
            <line number="64" hits="17" branch="true" condition-coverage="100% (4/4)"/>
            <line number="65" hits="2" branch="true" condition-coverage="50% (2/4)"/>
            <line number="69" hits="18" branch="true" condition-coverage="100% (2/2)"/>
            <line number="70" hits="19" branch="false"/>
            <line number="71" hits="19" branch="true" condition-coverage="100% (2/2)"/>
            <line number="73" hits="19" branch="false"/>
            <line number="136" hits="5" branch="true" condition-coverage="100% (2/2)"/>
            <line number="137" hits="2" branch="false"/>
            <line number="146" hits="2" branch="true" condition-coverage="100% (2/2)"/>
            <line number="148" hits="1" branch="false"/>
          </lines>
        </class>
        <class name="storage.js" filename="src\utils\storage.js" line-rate="0.7692" branch-rate="1">
          <methods>
            <method name="(anonymous_0)" hits="13" signature="()V">
              <lines>
                <line number="21" hits="13"/>
              </lines>
            </method>
            <method name="(anonymous_1)" hits="11" signature="()V">
              <lines>
                <line number="44" hits="11"/>
              </lines>
            </method>
            <method name="(anonymous_2)" hits="3" signature="()V">
              <lines>
                <line number="62" hits="3"/>
              </lines>
            </method>
            <method name="(anonymous_3)" hits="3" signature="()V">
              <lines>
                <line number="77" hits="3"/>
              </lines>
            </method>
            <method name="(anonymous_4)" hits="1" signature="()V">
              <lines>
                <line number="92" hits="1"/>
              </lines>
            </method>
          </methods>
          <lines>
            <line number="21" hits="2" branch="false"/>
            <line number="22" hits="13" branch="false"/>
            <line number="23" hits="13" branch="false"/>
            <line number="25" hits="13" branch="true" condition-coverage="100% (4/4)"/>
            <line number="26" hits="1" branch="false"/>
            <line number="28" hits="12" branch="false"/>
            <line number="30" hits="13" branch="false"/>
            <line number="32" hits="0" branch="false"/>
            <line number="33" hits="0" branch="false"/>
            <line number="44" hits="2" branch="true" condition-coverage="100% (1/1)"/>
            <line number="45" hits="11" branch="false"/>
            <line number="46" hits="11" branch="false"/>
            <line number="47" hits="11" branch="true" condition-coverage="100% (2/2)"/>
            <line number="48" hits="8" branch="false"/>
            <line number="49" hits="8" branch="true" condition-coverage="100% (2/2)"/>
            <line number="50" hits="7" branch="false"/>
            <line number="52" hits="0" branch="false"/>
            <line number="53" hits="0" branch="false"/>
            <line number="62" hits="2" branch="false"/>
            <line number="63" hits="3" branch="false"/>
            <line number="64" hits="3" branch="false"/>
            <line number="65" hits="3" branch="false"/>
            <line number="66" hits="3" branch="false"/>
            <line number="68" hits="0" branch="false"/>
            <line number="69" hits="0" branch="false"/>
            <line number="77" hits="2" branch="false"/>
            <line number="78" hits="3" branch="false"/>
            <line number="79" hits="3" branch="false"/>
            <line number="80" hits="3" branch="false"/>
            <line number="81" hits="3" branch="false"/>
            <line number="83" hits="0" branch="false"/>
            <line number="84" hits="0" branch="false"/>
            <line number="92" hits="2" branch="false"/>
            <line number="93" hits="1" branch="false"/>
            <line number="94" hits="1" branch="false"/>
            <line number="95" hits="1" branch="false"/>
            <line number="96" hits="1" branch="false"/>
            <line number="97" hits="1" branch="false"/>
            <line number="99" hits="0" branch="false"/>
          </lines>
        </class>
        <class name="userAdapter.js" filename="src\utils\userAdapter.js" line-rate="1" branch-rate="0.983">
          <methods>
            <method name="(anonymous_0)" hits="15" signature="()V">
              <lines>
                <line number="5" hits="15"/>
              </lines>
            </method>
            <method name="(anonymous_1)" hits="9" signature="()V">
              <lines>
                <line number="21" hits="9"/>
              </lines>
            </method>
            <method name="(anonymous_2)" hits="14" signature="()V">
              <lines>
                <line number="42" hits="14"/>
              </lines>
            </method>
            <method name="(anonymous_3)" hits="2" signature="()V">
              <lines>
                <line number="73" hits="2"/>
              </lines>
            </method>
          </methods>
          <lines>
            <line number="3" hits="1" branch="false"/>
            <line number="5" hits="1" branch="false"/>
            <line number="6" hits="15" branch="true" condition-coverage="100% (4/4)"/>
            <line number="7" hits="8" branch="false"/>
            <line number="10" hits="7" branch="true" condition-coverage="100% (5/5)"/>
            <line number="11" hits="5" branch="false"/>
            <line number="14" hits="2" branch="true" condition-coverage="100% (2/2)"/>
            <line number="15" hits="1" branch="false"/>
            <line number="18" hits="1" branch="false"/>
            <line number="21" hits="1" branch="false"/>
            <line number="22" hits="9" branch="true" condition-coverage="100% (2/2)"/>
            <line number="23" hits="1" branch="false"/>
            <line number="26" hits="8" branch="true" condition-coverage="100% (3/3)"/>
            <line number="27" hits="9" branch="false"/>
            <line number="28" hits="9" branch="true" condition-coverage="100% (3/3)"/>
            <line number="30" hits="9" branch="true" condition-coverage="100% (2/2)"/>
            <line number="32" hits="9" branch="false"/>
            <line number="42" hits="1" branch="true" condition-coverage="100% (1/1)"/>
            <line number="43" hits="14" branch="false"/>
            <line number="45" hits="14" branch="true" condition-coverage="100% (2/2)"/>
            <line number="46" hits="1" branch="false"/>
            <line number="49" hits="14" branch="true" condition-coverage="100% (2/2)"/>
            <line number="50" hits="1" branch="false"/>
            <line number="53" hits="14" branch="true" condition-coverage="100% (2/2)"/>
            <line number="54" hits="1" branch="false"/>
            <line number="57" hits="14" branch="true" condition-coverage="100% (3/3)"/>
            <line number="58" hits="14" branch="true" condition-coverage="100% (2/2)"/>
            <line number="59" hits="2" branch="false"/>
            <line number="62" hits="14" branch="true" condition-coverage="100% (2/2)"/>
            <line number="63" hits="14" branch="true" condition-coverage="100% (4/4)"/>
            <line number="64" hits="2" branch="false"/>
            <line number="67" hits="14" branch="true" condition-coverage="100% (2/2)"/>
            <line number="68" hits="14" branch="true" condition-coverage="100% (2/2)"/>
            <line number="70" hits="14" branch="true" condition-coverage="100% (6/6)"/>
            <line number="71" hits="1" branch="false"/>
            <line number="73" hits="2" branch="false"/>
            <line number="76" hits="1" branch="true" condition-coverage="50% (1/2)"/>
            <line number="77" hits="1" branch="false"/>
            <line number="80" hits="14" branch="true" condition-coverage="100% (2/2)"/>
            <line number="81" hits="2" branch="false"/>
            <line number="84" hits="14" branch="true" condition-coverage="100% (2/2)"/>
            <line number="85" hits="1" branch="false"/>
            <line number="88" hits="14" branch="true" condition-coverage="100% (2/2)"/>
            <line number="89" hits="1" branch="false"/>
            <line number="92" hits="14" branch="false"/>
          </lines>
        </class>
        <class name="validation.js" filename="src\utils\validation.js" line-rate="0.9915999999999999" branch-rate="0.9906">
          <methods>
            <method name="(anonymous_0)" hits="6" signature="()V">
              <lines>
                <line number="13" hits="6"/>
              </lines>
            </method>
            <method name="(anonymous_1)" hits="6" signature="()V">
              <lines>
                <line number="31" hits="6"/>
              </lines>
            </method>
            <method name="(anonymous_2)" hits="6" signature="()V">
              <lines>
                <line number="63" hits="6"/>
              </lines>
            </method>
            <method name="(anonymous_3)" hits="3" signature="()V">
              <lines>
                <line number="95" hits="3"/>
              </lines>
            </method>
            <method name="(anonymous_4)" hits="6" signature="()V">
              <lines>
                <line number="115" hits="6"/>
              </lines>
            </method>
            <method name="(anonymous_5)" hits="4" signature="()V">
              <lines>
                <line number="126" hits="4"/>
              </lines>
            </method>
            <method name="(anonymous_6)" hits="3" signature="()V">
              <lines>
                <line number="145" hits="3"/>
              </lines>
            </method>
            <method name="(anonymous_7)" hits="3" signature="()V">
              <lines>
                <line number="152" hits="3"/>
              </lines>
            </method>
            <method name="(anonymous_8)" hits="3" signature="()V">
              <lines>
                <line number="166" hits="3"/>
              </lines>
            </method>
            <method name="(anonymous_9)" hits="6" signature="()V">
              <lines>
                <line number="189" hits="6"/>
              </lines>
            </method>
            <method name="(anonymous_10)" hits="5" signature="()V">
              <lines>
                <line number="217" hits="5"/>
              </lines>
            </method>
            <method name="(anonymous_11)" hits="6" signature="()V">
              <lines>
                <line number="246" hits="6"/>
              </lines>
            </method>
            <method name="(anonymous_12)" hits="6" signature="()V">
              <lines>
                <line number="275" hits="6"/>
              </lines>
            </method>
            <method name="(anonymous_13)" hits="5" signature="()V">
              <lines>
                <line number="304" hits="5"/>
              </lines>
            </method>
            <method name="(anonymous_14)" hits="5" signature="()V">
              <lines>
                <line number="333" hits="5"/>
              </lines>
            </method>
          </methods>
          <lines>
            <line number="13" hits="1" branch="false"/>
            <line number="14" hits="6" branch="true" condition-coverage="100% (4/4)"/>
            <line number="15" hits="2" branch="false"/>
            <line number="18" hits="4" branch="true" condition-coverage="100% (2/2)"/>
            <line number="19" hits="2" branch="false"/>
            <line number="25" hits="2" branch="false"/>
            <line number="31" hits="1" branch="false"/>
            <line number="32" hits="6" branch="true" condition-coverage="100% (2/2)"/>
            <line number="33" hits="2" branch="false"/>
            <line number="36" hits="4" branch="true" condition-coverage="100% (2/2)"/>
            <line number="37" hits="1" branch="false"/>
            <line number="43" hits="3" branch="true" condition-coverage="100% (2/2)"/>
            <line number="44" hits="1" branch="false"/>
            <line number="50" hits="2" branch="true" condition-coverage="100% (2/2)"/>
            <line number="51" hits="1" branch="false"/>
            <line number="57" hits="1" branch="false"/>
            <line number="63" hits="1" branch="false"/>
            <line number="64" hits="6" branch="true" condition-coverage="100% (4/4)"/>
            <line number="65" hits="2" branch="false"/>
            <line number="68" hits="4" branch="true" condition-coverage="100% (2/2)"/>
            <line number="69" hits="1" branch="false"/>
            <line number="75" hits="3" branch="true" condition-coverage="100% (2/2)"/>
            <line number="76" hits="1" branch="false"/>
            <line number="82" hits="2" branch="true" condition-coverage="100% (2/2)"/>
            <line number="83" hits="1" branch="false"/>
            <line number="89" hits="1" branch="false"/>
            <line number="95" hits="1" branch="false"/>
            <line number="96" hits="3" branch="true" condition-coverage="100% (4/4)"/>
            <line number="97" hits="1" branch="false"/>
            <line number="100" hits="2" branch="true" condition-coverage="100% (2/2)"/>
            <line number="101" hits="1" branch="false"/>
            <line number="107" hits="1" branch="false"/>
            <line number="115" hits="1" branch="true" condition-coverage="100% (1/1)"/>
            <line number="116" hits="6" branch="true" condition-coverage="100% (5/5)"/>
            <line number="117" hits="4" branch="false"/>
            <line number="120" hits="2" branch="false"/>
            <line number="126" hits="1" branch="false"/>
            <line number="127" hits="4" branch="true" condition-coverage="100% (2/2)"/>
            <line number="128" hits="1" branch="false"/>
            <line number="131" hits="3" branch="true" condition-coverage="100% (2/2)"/>
            <line number="132" hits="1" branch="false"/>
            <line number="133" hits="1" branch="false"/>
            <line number="139" hits="2" branch="false"/>
            <line number="145" hits="1" branch="false"/>
            <line number="146" hits="3" branch="true" condition-coverage="100% (2/2)"/>
            <line number="147" hits="1" branch="false"/>
            <line number="150" hits="2" branch="true" condition-coverage="100% (2/2)"/>
            <line number="151" hits="1" branch="false"/>
            <line number="152" hits="3" branch="false"/>
            <line number="154" hits="1" branch="false"/>
            <line number="160" hits="1" branch="false"/>
            <line number="166" hits="1" branch="false"/>
            <line number="167" hits="3" branch="true" condition-coverage="100% (2/2)"/>
            <line number="168" hits="1" branch="false"/>
            <line number="171" hits="2" branch="true" condition-coverage="100% (2/2)"/>
            <line number="172" hits="1" branch="false"/>
            <line number="178" hits="1" branch="false"/>
            <line number="189" hits="1" branch="false"/>
            <line number="190" hits="6" branch="true" condition-coverage="100% (4/4)"/>
            <line number="191" hits="1" branch="false"/>
            <line number="195" hits="5" branch="false"/>
            <line number="198" hits="5" branch="false"/>
            <line number="200" hits="5" branch="true" condition-coverage="100% (2/2)"/>
            <line number="202" hits="6" branch="true" condition-coverage="100% (4/4)"/>
            <line number="203" hits="1" branch="false"/>
            <line number="210" hits="4" branch="false"/>
            <line number="217" hits="1" branch="false"/>
            <line number="218" hits="5" branch="true" condition-coverage="100% (4/4)"/>
            <line number="219" hits="1" branch="false"/>
            <line number="222" hits="4" branch="true" condition-coverage="100% (2/2)"/>
            <line number="223" hits="1" branch="false"/>
            <line number="226" hits="3" branch="false"/>
            <line number="227" hits="3" branch="false"/>
            <line number="228" hits="3" branch="true" condition-coverage="100% (2/2)"/>
            <line number="230" hits="2" branch="false"/>
            <line number="232" hits="2" branch="false"/>
            <line number="233" hits="2" branch="true" condition-coverage="100% (2/2)"/>
            <line number="235" hits="1" branch="false"/>
            <line number="246" hits="1" branch="true" condition-coverage="100% (1/1)"/>
            <line number="247" hits="6" branch="true" condition-coverage="100% (4/4)"/>
            <line number="248" hits="1" branch="false"/>
            <line number="251" hits="5" branch="false"/>
            <line number="253" hits="5" branch="true" condition-coverage="100% (2/2)"/>
            <line number="254" hits="1" branch="false"/>
            <line number="257" hits="4" branch="true" condition-coverage="100% (2/2)"/>
            <line number="258" hits="1" branch="false"/>
            <line number="261" hits="3" branch="true" condition-coverage="100% (2/2)"/>
            <line number="262" hits="1" branch="false"/>
            <line number="268" hits="2" branch="false"/>
            <line number="275" hits="1" branch="false"/>
            <line number="276" hits="6" branch="true" condition-coverage="100% (4/4)"/>
            <line number="277" hits="1" branch="false"/>
            <line number="280" hits="5" branch="false"/>
            <line number="282" hits="5" branch="true" condition-coverage="100% (2/2)"/>
            <line number="283" hits="1" branch="false"/>
            <line number="286" hits="4" branch="true" condition-coverage="100% (2/2)"/>
            <line number="287" hits="1" branch="false"/>
            <line number="290" hits="3" branch="true" condition-coverage="100% (2/2)"/>
            <line number="291" hits="1" branch="false"/>
            <line number="297" hits="2" branch="false"/>
            <line number="304" hits="1" branch="false"/>
            <line number="305" hits="5" branch="true" condition-coverage="100% (4/4)"/>
            <line number="306" hits="1" branch="false"/>
            <line number="309" hits="4" branch="false"/>
            <line number="311" hits="4" branch="true" condition-coverage="100% (2/2)"/>
            <line number="312" hits="1" branch="false"/>
            <line number="315" hits="3" branch="true" condition-coverage="100% (2/2)"/>
            <line number="316" hits="1" branch="false"/>
            <line number="319" hits="2" branch="true" condition-coverage="50% (1/2)"/>
            <line number="320" hits="0" branch="false"/>
            <line number="326" hits="2" branch="false"/>
            <line number="333" hits="1" branch="false"/>
            <line number="334" hits="5" branch="true" condition-coverage="100% (4/4)"/>
            <line number="335" hits="1" branch="false"/>
            <line number="338" hits="4" branch="false"/>
            <line number="340" hits="4" branch="true" condition-coverage="100% (2/2)"/>
            <line number="341" hits="1" branch="false"/>
            <line number="347" hits="3" branch="true" condition-coverage="100% (2/2)"/>
            <line number="348" hits="1" branch="false"/>
            <line number="354" hits="2" branch="false"/>
          </lines>
        </class>
      </classes>
    </package>
  </packages>
</coverage>
