TN:
SF:src\hooks\useApi.js
FN:20,(anonymous_0)
FN:28,(anonymous_1)
FN:48,(anonymous_2)
FN:57,(anonymous_3)
FNF:4
FNH:0
FNDA:0,(anonymous_0)
FNDA:0,(anonymous_1)
FNDA:0,(anonymous_2)
FNDA:0,(anonymous_3)
DA:20,0
DA:21,0
DA:22,0
DA:23,0
DA:28,0
DA:29,0
DA:30,0
DA:31,0
DA:33,0
DA:34,0
DA:36,0
DA:38,0
DA:39,0
DA:41,0
DA:48,0
DA:49,0
DA:50,0
DA:51,0
DA:57,0
DA:58,0
DA:59,0
DA:63,0
LF:22
LH:0
BRDA:20,0,0,0
BRDA:58,1,0,0
BRDA:58,1,1,0
BRF:3
BRH:0
end_of_record
TN:
SF:src\hooks\useDebounce.js
FN:14,(anonymous_0)
FN:17,(anonymous_1)
FN:18,(anonymous_2)
FN:22,(anonymous_3)
FNF:4
FNH:4
FNDA:13,(anonymous_0)
FNDA:10,(anonymous_1)
FNDA:3,(anonymous_2)
FNDA:10,(anonymous_3)
DA:14,1
DA:15,13
DA:17,13
DA:18,10
DA:19,3
DA:22,10
DA:23,10
DA:27,13
LF:8
LH:8
BRDA:14,0,0,13
BRF:1
BRH:1
end_of_record
TN:
SF:src\hooks\useForm.js
FN:22,(anonymous_0)
FN:31,(anonymous_1)
FN:35,(anonymous_2)
FN:42,(anonymous_3)
FN:52,(anonymous_4)
FN:55,(anonymous_5)
FN:64,(anonymous_6)
FN:75,(anonymous_7)
FN:78,(anonymous_8)
FN:92,(anonymous_9)
FN:98,(anonymous_10)
FN:122,(anonymous_11)
FN:132,(anonymous_12)
FN:133,(anonymous_13)
FN:142,(anonymous_14)
FN:143,(anonymous_15)
FNF:16
FNH:16
FNDA:31,(anonymous_0)
FNDA:4,(anonymous_1)
FNDA:4,(anonymous_2)
FNDA:1,(anonymous_3)
FNDA:3,(anonymous_4)
FNDA:3,(anonymous_5)
FNDA:1,(anonymous_6)
FNDA:5,(anonymous_7)
FNDA:10,(anonymous_8)
FNDA:5,(anonymous_9)
FNDA:10,(anonymous_10)
FNDA:1,(anonymous_11)
FNDA:1,(anonymous_12)
FNDA:1,(anonymous_13)
FNDA:3,(anonymous_14)
FNDA:3,(anonymous_15)
DA:22,1
DA:23,31
DA:24,31
DA:25,31
DA:26,31
DA:31,31
DA:32,4
DA:33,4
DA:35,4
DA:41,4
DA:42,1
DA:52,31
DA:53,3
DA:55,3
DA:61,3
DA:62,1
DA:63,1
DA:64,1
DA:75,31
DA:76,5
DA:78,5
DA:79,10
DA:80,10
DA:81,4
DA:85,5
DA:86,5
DA:92,31
DA:93,5
DA:94,4
DA:98,10
DA:102,5
DA:105,5
DA:107,5
DA:108,3
DA:109,3
DA:110,3
DA:112,0
DA:114,3
DA:122,31
DA:123,1
DA:124,1
DA:125,1
DA:126,1
DA:132,31
DA:133,1
DA:142,31
DA:143,3
DA:149,31
LF:48
LH:47
BRDA:22,0,0,31
BRDA:22,1,0,31
BRDA:33,2,0,1
BRDA:33,2,1,3
BRDA:41,3,0,1
BRDA:41,3,1,3
BRDA:61,4,0,1
BRDA:61,4,1,2
BRDA:63,5,0,1
BRDA:63,5,1,0
BRDA:80,6,0,4
BRDA:80,6,1,6
BRDA:93,7,0,4
BRDA:93,7,1,1
BRDA:107,8,0,3
BRDA:107,8,1,2
BRF:16
BRH:15
end_of_record
TN:
SF:src\hooks\useLocalStorage.js
FN:15,(anonymous_0)
FN:17,(anonymous_1)
FN:22,(anonymous_2)
FNF:3
FNH:3
FNDA:9,(anonymous_0)
FNDA:6,(anonymous_1)
FNDA:9,(anonymous_2)
DA:15,1
DA:17,9
DA:18,6
DA:22,9
DA:23,9
DA:26,9
LF:6
LH:6
BRF:0
BRH:0
end_of_record
TN:
SF:src\hooks\useSignedUrl.js
FN:13,(anonymous_0)
FN:18,(anonymous_1)
FN:35,(anonymous_2)
FN:60,(anonymous_3)
FN:67,shouldRequestSignedUrl
FN:76,(anonymous_5)
FN:83,normalizeSignedUrlInput
FNF:7
FNH:0
FNDA:0,(anonymous_0)
FNDA:0,(anonymous_1)
FNDA:0,(anonymous_2)
FNDA:0,(anonymous_3)
FNDA:0,shouldRequestSignedUrl
FNDA:0,(anonymous_5)
FNDA:0,normalizeSignedUrlInput
DA:4,0
DA:5,0
DA:6,0
DA:13,0
DA:14,0
DA:15,0
DA:16,0
DA:18,0
DA:19,0
DA:21,0
DA:22,0
DA:23,0
DA:26,0
DA:27,0
DA:28,0
DA:29,0
DA:32,0
DA:35,0
DA:36,0
DA:37,0
DA:38,0
DA:39,0
DA:40,0
DA:42,0
DA:43,0
DA:45,0
DA:47,0
DA:51,0
DA:54,0
DA:60,0
DA:61,0
DA:62,0
DA:68,0
DA:69,0
DA:72,0
DA:73,0
DA:76,0
DA:77,0
DA:80,0
DA:84,0
DA:85,0
DA:88,0
DA:89,0
DA:92,0
DA:93,0
DA:96,0
LF:46
LH:0
BRDA:19,0,0,0
BRDA:19,0,1,0
BRDA:21,1,0,0
BRDA:21,1,1,0
BRDA:27,2,0,0
BRDA:27,2,1,0
BRDA:68,3,0,0
BRDA:68,3,1,0
BRDA:72,4,0,0
BRDA:72,4,1,0
BRDA:76,5,0,0
BRDA:76,5,1,0
BRDA:80,6,0,0
BRDA:80,6,1,0
BRDA:80,6,2,0
BRDA:84,7,0,0
BRDA:84,7,1,0
BRDA:88,8,0,0
BRDA:88,8,1,0
BRDA:88,9,0,0
BRDA:88,9,1,0
BRDA:92,10,0,0
BRDA:92,10,1,0
BRF:23
BRH:0
end_of_record
TN:
SF:src\hooks\useToggle.js
FN:13,(anonymous_0)
FN:16,(anonymous_1)
FN:17,(anonymous_2)
FN:20,(anonymous_3)
FN:24,(anonymous_4)
FNF:5
FNH:5
FNDA:14,(anonymous_0)
FNDA:5,(anonymous_1)
FNDA:5,(anonymous_2)
FNDA:1,(anonymous_3)
FNDA:1,(anonymous_4)
DA:13,1
DA:14,14
DA:16,14
DA:17,5
DA:20,14
DA:21,1
DA:24,14
DA:25,1
DA:28,14
LF:9
LH:9
BRDA:13,0,0,14
BRF:1
BRH:1
end_of_record
TN:
SF:src\lib\utils.js
FN:4,cn
FNF:1
FNH:1
FNDA:6,cn
DA:5,6
LF:1
LH:1
BRF:0
BRH:0
end_of_record
TN:
SF:src\utils\alerts.js
FN:1,(anonymous_0)
FNF:1
FNH:1
FNDA:5,(anonymous_0)
DA:1,1
DA:2,5
DA:3,2
DA:6,3
LF:4
LH:4
BRDA:1,0,0,5
BRDA:1,1,0,5
BRDA:2,2,0,2
BRDA:2,2,1,3
BRDA:2,3,0,5
BRDA:2,3,1,3
BRF:6
BRH:6
end_of_record
TN:
SF:src\utils\helpers.js
FN:14,(anonymous_0)
FN:31,(anonymous_1)
FN:66,(anonymous_2)
FN:76,(anonymous_3)
FN:87,(anonymous_4)
FN:90,executedFunction
FN:91,(anonymous_6)
FN:106,(anonymous_7)
FN:115,(anonymous_8)
FN:124,(anonymous_9)
FN:133,(anonymous_10)
FN:151,(anonymous_11)
FN:172,(anonymous_12)
FN:181,(anonymous_13)
FN:195,(anonymous_14)
FN:213,(anonymous_15)
FN:218,(anonymous_16)
FNF:17
FNH:14
FNDA:4,(anonymous_0)
FNDA:10,(anonymous_1)
FNDA:6,(anonymous_2)
FNDA:4,(anonymous_3)
FNDA:0,(anonymous_4)
FNDA:0,executedFunction
FNDA:0,(anonymous_6)
FNDA:4,(anonymous_7)
FNDA:4,(anonymous_8)
FNDA:7,(anonymous_9)
FNDA:5,(anonymous_10)
FNDA:4,(anonymous_11)
FNDA:16,(anonymous_12)
FNDA:4,(anonymous_13)
FNDA:4,(anonymous_14)
FNDA:5,(anonymous_15)
FNDA:7,(anonymous_16)
DA:14,1
DA:15,4
DA:17,2
DA:19,4
DA:31,1
DA:32,10
DA:34,9
DA:35,10
DA:36,10
DA:37,10
DA:38,10
DA:39,10
DA:40,10
DA:42,10
DA:43,8
DA:44,6
DA:45,5
DA:46,4
DA:47,3
DA:48,1
DA:49,1
DA:51,2
DA:52,1
DA:53,1
DA:55,1
DA:56,1
DA:66,1
DA:67,6
DA:68,2
DA:76,1
DA:77,4
DA:78,2
DA:87,1
DA:90,0
DA:91,0
DA:92,0
DA:93,0
DA:96,0
DA:97,0
DA:106,1
DA:107,4
DA:108,2
DA:115,1
DA:116,4
DA:124,1
DA:125,7
DA:133,1
DA:134,5
DA:136,4
DA:137,4
DA:138,4
DA:140,4
DA:151,1
DA:152,4
DA:153,4
DA:154,4
DA:157,4
DA:161,4
DA:162,4
DA:164,4
DA:172,1
DA:173,16
DA:181,1
DA:182,4
DA:184,2
DA:185,2
DA:187,1
DA:195,1
DA:196,4
DA:198,2
DA:199,2
DA:201,2
DA:202,3
DA:205,2
DA:213,1
DA:214,5
DA:216,3
DA:218,3
DA:219,7
DA:220,4
DA:224,3
DA:225,3
DA:233,1
LF:83
LH:77
BRDA:14,0,0,4
BRDA:15,1,0,2
BRDA:15,1,1,2
BRDA:17,2,0,2
BRDA:17,2,1,0
BRDA:32,3,0,1
BRDA:32,3,1,9
BRDA:34,4,0,9
BRDA:34,4,1,0
BRDA:42,5,0,1
BRDA:42,5,1,9
BRDA:43,6,0,2
BRDA:43,6,1,6
BRDA:43,7,0,1
BRDA:43,7,1,1
BRDA:44,8,0,1
BRDA:44,8,1,5
BRDA:44,9,0,1
BRDA:44,9,1,0
BRDA:45,10,0,1
BRDA:45,10,1,4
BRDA:46,11,0,1
BRDA:46,11,1,3
BRDA:47,12,0,1
BRDA:47,12,1,2
BRDA:49,13,0,0
BRDA:49,13,1,1
BRDA:51,14,0,1
BRDA:51,14,1,1
BRDA:53,15,0,0
BRDA:53,15,1,1
BRDA:56,16,0,0
BRDA:56,16,1,1
BRDA:66,17,0,6
BRDA:67,18,0,4
BRDA:67,18,1,2
BRDA:67,19,0,6
BRDA:67,19,1,4
BRDA:77,20,0,2
BRDA:77,20,1,2
BRDA:107,21,0,2
BRDA:107,21,1,2
BRDA:107,22,0,4
BRDA:107,22,1,3
BRDA:125,23,0,7
BRDA:125,23,1,6
BRDA:125,23,2,2
BRDA:134,24,0,1
BRDA:134,24,1,4
BRDA:182,25,0,2
BRDA:182,25,1,2
BRDA:185,26,0,1
BRDA:185,26,1,1
BRDA:196,27,0,2
BRDA:196,27,1,2
BRDA:214,28,0,2
BRDA:214,28,1,3
BRDA:214,29,0,5
BRDA:214,29,1,4
BRDA:219,30,0,4
BRDA:219,30,1,3
BRDA:219,31,0,7
BRDA:219,31,1,6
BRDA:219,31,2,5
BRDA:225,32,0,3
BRDA:225,32,1,0
BRF:66
BRH:59
end_of_record
TN:
SF:src\utils\postAdapter.js
FN:30,adaptPost
FN:135,adaptPosts
FN:145,adaptPostsResponse
FNF:3
FNH:3
FNDA:19,adaptPost
FNDA:5,adaptPosts
FNDA:2,adaptPostsResponse
DA:17,1
DA:31,19
DA:35,18
DA:36,2
DA:37,2
DA:38,16
DA:39,1
DA:40,1
DA:45,18
DA:51,19
DA:57,19
DA:58,19
DA:61,19
DA:62,19
DA:63,1
DA:64,17
DA:65,2
DA:69,18
DA:70,19
DA:71,19
DA:73,19
DA:136,5
DA:137,2
DA:146,2
DA:148,1
LF:25
LH:25
BRDA:31,0,0,1
BRDA:31,0,1,18
BRDA:35,1,0,2
BRDA:35,1,1,16
BRDA:38,2,0,1
BRDA:38,2,1,15
BRDA:45,3,0,1
BRDA:45,3,1,17
BRDA:47,4,0,17
BRDA:47,4,1,16
BRDA:51,5,0,19
BRDA:51,5,1,18
BRDA:51,5,2,18
BRDA:51,5,3,18
BRDA:57,6,0,19
BRDA:57,6,1,17
BRDA:62,7,0,1
BRDA:62,7,1,17
BRDA:64,8,0,2
BRDA:64,8,1,15
BRDA:64,9,0,17
BRDA:64,9,1,15
BRDA:65,10,0,2
BRDA:65,10,1,0
BRDA:65,11,0,2
BRDA:65,11,1,0
BRDA:69,12,0,18
BRDA:69,12,1,1
BRDA:71,13,0,19
BRDA:71,13,1,18
BRDA:80,14,0,19
BRDA:80,14,1,17
BRDA:80,14,2,17
BRDA:81,15,0,17
BRDA:81,15,1,0
BRDA:82,16,0,17
BRDA:82,16,1,0
BRDA:82,17,0,3
BRDA:82,17,1,14
BRDA:84,18,0,19
BRDA:84,18,1,17
BRDA:85,19,0,19
BRDA:85,19,1,18
BRDA:86,20,0,19
BRDA:86,20,1,18
BRDA:89,21,0,19
BRDA:89,21,1,18
BRDA:90,22,0,19
BRDA:90,22,1,18
BRDA:91,23,0,19
BRDA:91,23,1,18
BRDA:97,24,0,19
BRDA:97,24,1,17
BRDA:97,25,0,1
BRDA:97,25,1,16
BRDA:103,26,0,19
BRDA:103,26,1,18
BRDA:121,27,0,19
BRDA:121,27,1,18
BRDA:122,28,0,19
BRDA:122,28,1,18
BRDA:125,29,0,19
BRDA:125,29,1,17
BRDA:136,30,0,3
BRDA:136,30,1,2
BRDA:146,31,0,1
BRDA:146,31,1,1
BRDA:149,32,0,1
BRDA:149,32,1,0
BRDA:150,33,0,2
BRDA:150,33,1,0
BRF:71
BRH:65
end_of_record
TN:
SF:src\utils\storage.js
FN:21,(anonymous_0)
FN:44,(anonymous_1)
FN:62,(anonymous_2)
FN:77,(anonymous_3)
FN:92,(anonymous_4)
FNF:5
FNH:5
FNDA:13,(anonymous_0)
FNDA:11,(anonymous_1)
FNDA:3,(anonymous_2)
FNDA:3,(anonymous_3)
FNDA:1,(anonymous_4)
DA:21,2
DA:22,13
DA:23,13
DA:25,13
DA:26,1
DA:28,12
DA:30,13
DA:32,0
DA:33,0
DA:44,2
DA:45,11
DA:46,11
DA:47,11
DA:48,8
DA:49,8
DA:50,7
DA:52,0
DA:53,0
DA:62,2
DA:63,3
DA:64,3
DA:65,3
DA:66,3
DA:68,0
DA:69,0
DA:77,2
DA:78,3
DA:79,3
DA:80,3
DA:81,3
DA:83,0
DA:84,0
DA:92,2
DA:93,1
DA:94,1
DA:95,1
DA:96,1
DA:97,1
DA:99,0
LF:39
LH:30
BRDA:25,0,0,1
BRDA:25,0,1,12
BRDA:25,1,0,13
BRDA:25,1,1,1
BRDA:44,2,0,11
BRDA:47,3,0,3
BRDA:47,3,1,8
BRDA:49,4,0,1
BRDA:49,4,1,7
BRF:9
BRH:9
end_of_record
TN:
SF:src\utils\userAdapter.js
FN:5,(anonymous_0)
FN:21,(anonymous_1)
FN:42,(anonymous_2)
FN:73,(anonymous_3)
FNF:4
FNH:4
FNDA:15,(anonymous_0)
FNDA:9,(anonymous_1)
FNDA:14,(anonymous_2)
FNDA:2,(anonymous_3)
DA:3,1
DA:5,1
DA:6,15
DA:7,8
DA:10,7
DA:11,5
DA:14,2
DA:15,1
DA:18,1
DA:21,1
DA:22,9
DA:23,1
DA:26,8
DA:27,9
DA:28,9
DA:30,9
DA:32,9
DA:42,1
DA:43,14
DA:45,14
DA:46,1
DA:49,14
DA:50,1
DA:53,14
DA:54,1
DA:57,14
DA:58,14
DA:59,2
DA:62,14
DA:63,14
DA:64,2
DA:67,14
DA:68,14
DA:70,14
DA:71,1
DA:73,2
DA:76,1
DA:77,1
DA:80,14
DA:81,2
DA:84,14
DA:85,1
DA:88,14
DA:89,1
DA:92,14
LF:45
LH:45
BRDA:6,0,0,8
BRDA:6,0,1,7
BRDA:6,1,0,15
BRDA:6,1,1,8
BRDA:10,2,0,5
BRDA:10,2,1,2
BRDA:10,3,0,7
BRDA:10,3,1,6
BRDA:10,3,2,3
BRDA:14,4,0,1
BRDA:14,4,1,1
BRDA:22,5,0,1
BRDA:22,5,1,8
BRDA:26,6,0,8
BRDA:26,6,1,7
BRDA:26,6,2,6
BRDA:28,7,0,9
BRDA:28,7,1,7
BRDA:28,7,2,6
BRDA:30,8,0,9
BRDA:30,8,1,7
BRDA:37,9,0,9
BRDA:37,9,1,7
BRDA:42,10,0,14
BRDA:45,11,0,1
BRDA:45,11,1,13
BRDA:49,12,0,1
BRDA:49,12,1,13
BRDA:53,13,0,1
BRDA:53,13,1,13
BRDA:57,14,0,14
BRDA:57,14,1,12
BRDA:57,14,2,11
BRDA:58,15,0,2
BRDA:58,15,1,12
BRDA:62,16,0,14
BRDA:62,16,1,13
BRDA:63,17,0,2
BRDA:63,17,1,12
BRDA:63,18,0,14
BRDA:63,18,1,2
BRDA:67,19,0,14
BRDA:67,19,1,13
BRDA:68,20,0,14
BRDA:68,20,1,14
BRDA:70,21,0,1
BRDA:70,21,1,13
BRDA:70,22,0,14
BRDA:70,22,1,13
BRDA:70,22,2,13
BRDA:70,22,3,1
BRDA:76,23,0,1
BRDA:76,23,1,0
BRDA:80,24,0,2
BRDA:80,24,1,12
BRDA:84,25,0,1
BRDA:84,25,1,13
BRDA:88,26,0,1
BRDA:88,26,1,13
BRF:59
BRH:58
end_of_record
TN:
SF:src\utils\validation.js
FN:13,(anonymous_0)
FN:31,(anonymous_1)
FN:63,(anonymous_2)
FN:95,(anonymous_3)
FN:115,(anonymous_4)
FN:126,(anonymous_5)
FN:145,(anonymous_6)
FN:152,(anonymous_7)
FN:166,(anonymous_8)
FN:189,(anonymous_9)
FN:217,(anonymous_10)
FN:246,(anonymous_11)
FN:275,(anonymous_12)
FN:304,(anonymous_13)
FN:333,(anonymous_14)
FNF:15
FNH:15
FNDA:6,(anonymous_0)
FNDA:6,(anonymous_1)
FNDA:6,(anonymous_2)
FNDA:3,(anonymous_3)
FNDA:6,(anonymous_4)
FNDA:4,(anonymous_5)
FNDA:3,(anonymous_6)
FNDA:3,(anonymous_7)
FNDA:3,(anonymous_8)
FNDA:6,(anonymous_9)
FNDA:5,(anonymous_10)
FNDA:6,(anonymous_11)
FNDA:6,(anonymous_12)
FNDA:5,(anonymous_13)
FNDA:5,(anonymous_14)
DA:13,1
DA:14,6
DA:15,2
DA:18,4
DA:19,2
DA:25,2
DA:31,1
DA:32,6
DA:33,2
DA:36,4
DA:37,1
DA:43,3
DA:44,1
DA:50,2
DA:51,1
DA:57,1
DA:63,1
DA:64,6
DA:65,2
DA:68,4
DA:69,1
DA:75,3
DA:76,1
DA:82,2
DA:83,1
DA:89,1
DA:95,1
DA:96,3
DA:97,1
DA:100,2
DA:101,1
DA:107,1
DA:115,1
DA:116,6
DA:117,4
DA:120,2
DA:126,1
DA:127,4
DA:128,1
DA:131,3
DA:132,1
DA:133,1
DA:139,2
DA:145,1
DA:146,3
DA:147,1
DA:150,2
DA:151,1
DA:152,3
DA:154,1
DA:160,1
DA:166,1
DA:167,3
DA:168,1
DA:171,2
DA:172,1
DA:178,1
DA:189,1
DA:190,6
DA:191,1
DA:195,5
DA:198,5
DA:200,5
DA:202,6
DA:203,1
DA:210,4
DA:217,1
DA:218,5
DA:219,1
DA:222,4
DA:223,1
DA:226,3
DA:227,3
DA:228,3
DA:230,2
DA:232,2
DA:233,2
DA:235,1
DA:246,1
DA:247,6
DA:248,1
DA:251,5
DA:253,5
DA:254,1
DA:257,4
DA:258,1
DA:261,3
DA:262,1
DA:268,2
DA:275,1
DA:276,6
DA:277,1
DA:280,5
DA:282,5
DA:283,1
DA:286,4
DA:287,1
DA:290,3
DA:291,1
DA:297,2
DA:304,1
DA:305,5
DA:306,1
DA:309,4
DA:311,4
DA:312,1
DA:315,3
DA:316,1
DA:319,2
DA:320,0
DA:326,2
DA:333,1
DA:334,5
DA:335,1
DA:338,4
DA:340,4
DA:341,1
DA:347,3
DA:348,1
DA:354,2
LF:120
LH:119
BRDA:14,0,0,2
BRDA:14,0,1,4
BRDA:14,1,0,6
BRDA:14,1,1,4
BRDA:18,2,0,2
BRDA:18,2,1,2
BRDA:32,3,0,2
BRDA:32,3,1,4
BRDA:36,4,0,1
BRDA:36,4,1,3
BRDA:43,5,0,1
BRDA:43,5,1,2
BRDA:50,6,0,1
BRDA:50,6,1,1
BRDA:64,7,0,2
BRDA:64,7,1,4
BRDA:64,8,0,6
BRDA:64,8,1,5
BRDA:68,9,0,1
BRDA:68,9,1,3
BRDA:75,10,0,1
BRDA:75,10,1,2
BRDA:82,11,0,1
BRDA:82,11,1,1
BRDA:96,12,0,1
BRDA:96,12,1,2
BRDA:96,13,0,3
BRDA:96,13,1,2
BRDA:100,14,0,1
BRDA:100,14,1,1
BRDA:115,15,0,6
BRDA:116,16,0,4
BRDA:116,16,1,2
BRDA:116,17,0,6
BRDA:116,17,1,3
BRDA:116,17,2,2
BRDA:127,18,0,1
BRDA:127,18,1,3
BRDA:131,19,0,1
BRDA:131,19,1,2
BRDA:146,20,0,1
BRDA:146,20,1,2
BRDA:150,21,0,1
BRDA:150,21,1,1
BRDA:167,22,0,1
BRDA:167,22,1,2
BRDA:171,23,0,1
BRDA:171,23,1,1
BRDA:190,24,0,1
BRDA:190,24,1,5
BRDA:190,25,0,6
BRDA:190,25,1,5
BRDA:200,26,0,5
BRDA:200,26,1,3
BRDA:202,27,0,1
BRDA:202,27,1,5
BRDA:202,28,0,6
BRDA:202,28,1,4
BRDA:218,29,0,1
BRDA:218,29,1,4
BRDA:218,30,0,5
BRDA:218,30,1,4
BRDA:222,31,0,1
BRDA:222,31,1,3
BRDA:228,32,0,1
BRDA:228,32,1,2
BRDA:233,33,0,1
BRDA:233,33,1,1
BRDA:246,34,0,6
BRDA:247,35,0,1
BRDA:247,35,1,5
BRDA:247,36,0,6
BRDA:247,36,1,5
BRDA:253,37,0,1
BRDA:253,37,1,4
BRDA:257,38,0,1
BRDA:257,38,1,3
BRDA:261,39,0,1
BRDA:261,39,1,2
BRDA:276,40,0,1
BRDA:276,40,1,5
BRDA:276,41,0,6
BRDA:276,41,1,5
BRDA:282,42,0,1
BRDA:282,42,1,4
BRDA:286,43,0,1
BRDA:286,43,1,3
BRDA:290,44,0,1
BRDA:290,44,1,2
BRDA:305,45,0,1
BRDA:305,45,1,4
BRDA:305,46,0,5
BRDA:305,46,1,4
BRDA:311,47,0,1
BRDA:311,47,1,3
BRDA:315,48,0,1
BRDA:315,48,1,2
BRDA:319,49,0,0
BRDA:319,49,1,2
BRDA:334,50,0,1
BRDA:334,50,1,4
BRDA:334,51,0,5
BRDA:334,51,1,4
BRDA:340,52,0,1
BRDA:340,52,1,3
BRDA:347,53,0,1
BRDA:347,53,1,2
BRF:107
BRH:106
end_of_record
